[2026-02-25T13:20:07.206171] WITHDRAW_REQ | User: SOV_68007 | Amt: 1000.0 | Details: TxID: TXN_1772004007142_1000 | Account: 01711906920 | Gateway: bkash
[2026-02-25T13:20:35.607966] QUEUE_BATCH | User: SOV_68007 | Amt: 1000.0 | Details: Gateway: bkash | Tax: 54.0 (5.4%)
[2026-02-25T19:26:09.396669] WITHDRAW_REQ | User: SOV_68007 | Amt: 1000.0 | Details: TxID: TXN_1772025969338_1000 | Account: 01711906920 | Gateway: bkash
[2026-02-25T19:26:34.629033] QUEUE_BATCH | User: SOV_68007 | Amt: 1000.0 | Details: Gateway: bkash | Tax: 54.0 (5.4%)
[2026-02-25T20:29:44.134796] WITHDRAW_REQ | User: SOV_68007 | Amt: 1000.0 | Details: TxID: TXN_1772029784094_1000 | Account: 01711906920 | Gateway: bkash
[2026-02-25T21:20:21.431915] WITHDRAW_REQ | User: SOV_68007 | Amt: 1000.0 | Details: TxID: TXN_1772032821374_1000 | Account: 01711906920 | Gateway: bkash
[2026-02-25T21:42:36.704935] WITHDRAW_REQ | User: SOV_68007 | Amt: 1200.0 | Details: TxID: TXN_1772034156654_1000 | Account: 01711906920 | Gateway: bkash
[2026-02-25T21:43:06.089327] QUEUE_BATCH | User: SOV_68007 | Amt: 1200.0 | Details: Gateway: bkash | Tax: 120.0 (10.0%)
[2026-02-26T01:38:57.384696] WITHDRAW_REQ | User: SOV_68007 | Amt: 5000.0 | Details: TxID: TXN_1772048337344_1000 | Account: 01711906920 | Gateway: bkash
[2026-02-26T12:40:16.077137] WITHDRAW_REQ | User: SOV_68007 | Amt: 5000.0 | Details: TxID: TXN_1772088016028_1000 | Account: 01711906920 | Gateway: amarpay
[2026-02-26T13:04:02.820970] WITHDRAW_REQ | User: SOV_68007 | Amt: 8000.0 | Details: TxID: TXN_1772089442768_1000 | Account: 01711906920 | Gateway: amarpay
[2026-02-26T13:31:02.865569] WITHDRAW_REQ | User: SOV_68007 | Amt: 2000.0 | Details: TxID: TXN_1772091062818_1000 | Account: 01711906920 | Gateway: amarpay
[2026-02-26T13:31:34.436988] ARCHIVE_CLEANUP | User: SYSTEM | Amt: 0.0 | Details: Archived 3 entries.
[2026-02-26T15:10:08.993892] ARCHIVE_CLEANUP | User: SYSTEM | Amt: 0.0 | Details: Archived 1 entries.
[2026-02-26T15:11:01.377177] ARCHIVE_CLEANUP | User: SYSTEM | Amt: 0.0 | Details: Archived 1 entries.
[2026-02-26T15:16:27.024952] ARCHIVE_CLEANUP | User: SYSTEM | Amt: 0.0 | Details: Archived 1 entries.
[2026-02-26T15:23:23.691972] ARCHIVE_CLEANUP | User: SYSTEM | Amt: 0.0 | Details: Archived 1 entries.
[2026-02-26T15:25:18.197348] ARCHIVE_CLEANUP | User: SYSTEM | Amt: 0.0 | Details: Archived 1 entries.
[2026-02-26T15:26:30.748518] ARCHIVE_CLEANUP | User: SYSTEM | Amt: 0.0 | Details: Archived 1 entries.
[2026-02-26T15:27:34.508032] ARCHIVE_CLEANUP | User: SYSTEM | Amt: 0.0 | Details: Archived 1 entries.
[2026-02-26T15:37:28.099325] ARCHIVE_CLEANUP | User: SYSTEM | Amt: 0.0 | Details: Archived 1 entries.
[2026-02-26T15:57:38.298920] ARCHIVE_CLEANUP | User: SYSTEM | Amt: 0.0 | Details: Archived 1 entries.
[2026-02-26T16:03:33.681074] ARCHIVE_CLEANUP | User: SYSTEM | Amt: 0.0 | Details: Archived 1 entries.
[2026-02-26T16:20:32.489838] ARCHIVE_CLEANUP | User: SYSTEM | Amt: 0.0 | Details: Archived 1 entries.
[2026-02-26T20:00:56.632498] WITHDRAW_REQ | User: SOV_68007 | Amt: 5000.0 | Details: TxID: TXN_1772114456581_1000 | Account: 01711906920 | Gateway: amarpay
[2026-02-26T20:02:27.362809] WITHDRAW_REQ | User: SOV_68007 | Amt: 5000.0 | Details: TxID: TXN_1772114547306_1000 | Account: 01711906920 | Gateway: amarpay
[2026-02-27T14:51:40.656739] WITHDRAW_REQ | User: SOV_36044 | Amt: 1000.0 | Details: TxID: TXN_1772182300590_1000 | Account: 01711906920 | Gateway: amarpay
[2026-02-27T21:28:54.240480] WITHDRAW_REQ | User: SOV_48593 | Amt: 5000.0 | Details: TxID: TXN_1772206133872_1379 | Account: 01795887980 | Gateway: amarpay
[2026-03-03T01:14:54.820782] QUEUE_BATCH | User: GOAL_TEST_USER | Amt: 200.0 | Details: Gateway: bkash | Tax: 20.0 (10.0%)
[2026-03-03T02:19:33.085528] ARCHIVE_CLEANUP | User: SYSTEM | Amt: 0.0 | Details: Archived 1 entries.
[2026-03-03T12:50:30.999083] WITHDRAW_REQ | User: SOV_68007 | Amt: 10000.0 | Details: TxID: TXN_1772520630955_1000 | Account: 01711906920 | Gateway: amarpay
[2026-03-03T12:54:18.516238] WITHDRAW_REQ | User: SOV_68007 | Amt: 3000.0 | Details: TxID: TXN_1772520858483_1000 | Account: 01711906920 | Gateway: amarpay
[2026-03-03T14:16:05.650165] WITHDRAW_REQ | User: SOV_68007 | Amt: 12300.0 | Details: TxID: TXN_1772525765553_1000 | Account: 01711906920 | Gateway: amarpay
[2026-03-03T14:22:21.741616] WITHDRAW_REQ | User: SOV_68007 | Amt: 18300.0 | Details: TxID: TXN_1772526141693_1000 | Account: 01711906920 | Gateway: amarpay
[2026-03-03T14:42:01.867015] WITHDRAW_REQ | User: SOV_68007 | Amt: 4200.0 | Details: TxID: TXN_1772527321822_1000 | Account: 01711906920 | Gateway: amarpay
[2026-03-03T14:42:59.560273] QUEUE_BATCH | User: SOV_68007 | Amt: 4200.0 | Details: Gateway: amarpay | Tax: 420.0 (10.0%)
[2026-03-03T14:57:36.699709] ARCHIVE_CLEANUP | User: SYSTEM | Amt: 0.0 | Details: Archived 1 entries.
[2026-03-03T15:01:09.630440] WITHDRAW_REQ | User: SOV_68007 | Amt: 2400.0 | Details: TxID: TXN_1772528469584_1000 | Account: 01711906920 | Gateway: amarpay
[2026-03-03T15:01:35.995404] QUEUE_BATCH | User: SOV_68007 | Amt: 2400.0 | Details: Gateway: amarpay | Tax: 240.0 (10.0%)
[2026-03-03T15:43:36.751893] WITHDRAW_REQ | User: SOV_68007 | Amt: 7800.0 | Details: TxID: TXN_1772531016667_1000 | Account: 01711906920 | Gateway: amarpay
[2026-03-03T15:44:29.884775] QUEUE_BATCH | User: SOV_68007 | Amt: 7800.0 | Details: Gateway: amarpay | Tax: 780.0 (10.0%)
[2026-03-03T16:04:59.730185] WITHDRAW_REQ | User: SOV_68007 | Amt: 6600.0 | Details: TxID: TXN_1772532299678_1000 | Account: 01711906920 | Gateway: amarpay
[2026-03-03T16:05:24.521602] QUEUE_BATCH | User: SOV_68007 | Amt: 6600.0 | Details: Gateway: amarpay | Tax: 660.0 (10.0%)
[2026-03-03T17:36:47.664689] WITHDRAW_REQ | User: SOV_68007 | Amt: 2700.0 | Details: TxID: TXN_1772537807609_1000 | Account: 01711906920 | Gateway: amarpay
[2026-03-03T17:37:10.589068] QUEUE_BATCH | User: SOV_68007 | Amt: 2700.0 | Details: Gateway: amarpay | Tax: 270.0 (10.0%)
[2026-03-03T17:53:34.475124] WITHDRAW_REQ | User: SOV_68007 | Amt: 7300.0 | Details: TxID: TXN_1772538814412_1000 | Account: 01711906920 | Gateway: amarpay
[2026-03-03T19:04:27.294355] WITHDRAW_REQ | User: SOV_68007 | Amt: 4700.0 | Details: TxID: TXN_1772543067246_1000 | Account: 01711906920 | Gateway: amarpay
[2026-03-03T19:29:11.039621] QUEUE_BATCH | User: SOV_68007 | Amt: 4700.0 | Details: Gateway: amarpay | Tax: 470.0 (10.0%)
[2026-03-03T19:32:25.534913] WITHDRAW_REQ | User: SOV_68007 | Amt: 2400.0 | Details: TxID: TXN_1772544745434_1000 | Account: 01795887980 | Gateway: amarpay
[2026-03-03T19:32:48.833717] QUEUE_BATCH | User: SOV_68007 | Amt: 2400.0 | Details: Gateway: amarpay | Tax: 240.0 (10.0%)
[2026-03-03T19:52:47.095816] WITHDRAW_REQ | User: SOV_68007 | Amt: 5300.0 | Details: TxID: TXN_1772545967048_1000 | Account: 01711906920 | Gateway: amarpay
[2026-03-03T19:53:32.035705] QUEUE_BATCH | User: SOV_68007 | Amt: 5300.0 | Details: Gateway: amarpay | Tax: 530.0 (10.0%)
[2026-03-03T22:44:30.784349] WITHDRAW_REQ | User: SOV_68007 | Amt: 5100.0 | Details: TxID: TXN_1772556270738_1000 | Account: 01711906920 | Gateway: amarpay
[2026-03-03T22:45:24.724328] QUEUE_BATCH | User: SOV_68007 | Amt: 5100.0 | Details: Gateway: amarpay | Tax: 510.0 (10.0%)
[2026-03-04T20:44:44.883655] WITHDRAW_REQ | User: SOV_68007 | Amt: 2300.0 | Details: TxID: TXN_1772635484843_1000 | Account: 5038901006769 | Gateway: amarpay
[2026-03-04T20:45:37.774602] QUEUE_BATCH | User: SOV_68007 | Amt: 2300.0 | Details: Gateway: amarpay | Tax: 48.3 (2.1%)
[2026-03-04T21:01:22.962960] WITHDRAW_REQ | User: SOV_68007 | Amt: 3700.0 | Details: TxID: TXN_1772636482913_1000 | Account: 5038901006769 | Gateway: amarpay
[2026-03-04T21:11:56.255779] WITHDRAW_REQ | User: SOV_68007 | Amt: 2600.0 | Details: TxID: TXN_1772637116202_1000 | Account: 5038901006769 | Gateway: amarpay
[2026-03-04T23:37:09.370288] WITHDRAW_REQ | User: SOV_68007 | Amt: 2200.0 | Details: TxID: TXN_1772645829319_1000 | Account: 5038901006769 | Gateway: amarpay
[2026-03-05T00:09:47.711159] WITHDRAW_REQ | User: SOV_68007 | Amt: 2100.0 | Details: TxID: TXN_1772647787666_1000 | Account: 5038901006769 | Gateway: amarpay
[2026-03-05T00:13:33.082865] WITHDRAW_REQ | User: SOV_68007 | Amt: 1900.0 | Details: TxID: TXN_1772648013042_1000 | Account: 5038901006769 | Gateway: amarpay
[2026-03-05T02:35:07.532206] WITHDRAW_REQ | User: SOV_68007 | Amt: 2700.0 | Details: TxID: TXN_1772656507479_1000 | Account: 5038901006769 | Gateway: amarpay
[2026-03-05T02:37:00.174146] WITHDRAW_REQ | User: SOV_68007 | Amt: 2210.0 | Details: TxID: TXN_1772656620089_1000 | Account: 5038901006769 | Gateway: amarpay
[2026-03-05T03:58:36.641715] ARCHIVE_CLEANUP | User: SYSTEM | Amt: 0.0 | Details: Archived 8 entries.
[2026-03-05T23:22:40.735513] WITHDRAW_REQ | User: SOV_68007 | Amt: 50.0 | Details: TxID: TXN_1772731360688_1000 | Account: 5038901006769 | Gateway: amarpay
[2026-03-05T23:34:39.125468] WITHDRAW_REQ | User: SOV_68007 | Amt: 40.0 | Details: TxID: TXN_1772732079082_1000 | Account: 5038901006769 | Gateway: amarpay
[2026-03-05T23:38:49.191692] WITHDRAW_REQ | User: SOV_68007 | Amt: 2100.0 | Details: TxID: TXN_1772732329161_1000 | Account: 5038901006769 | Gateway: amarpay
[2026-03-05T23:40:57.588327] WITHDRAW_REQ | User: SOV_68007 | Amt: 25.0 | Details: TxID: TXN_1772732457558_1000 | Account: 5038901006769 | Gateway: amarpay
[2026-03-07T04:04:00.081276] WITHDRAW_REQ | User: SOV_68007 | Amt: 5000.0 | Details: TxID: TXN_1772834640028_1000 | Account: 5038901006769 | Gateway: amarpay
[2026-03-07T04:05:17.111939] WITHDRAW_REQ | User: SOV_68007 | Amt: 60.0 | Details: TxID: TXN_1772834717059_1000 | Account: 5038901006769 | Gateway: amarpay
[2026-03-08T22:21:23.426341] WITHDRAW_REQ | User: SOV_68007 | Amt: 1000.0 | Details: TxID: TXN_1772986883371_1000 | Account: 5038901006769 | Gateway: amarpay
